39.119.202.118 - - [11/Aug/2021:14:51:44 +0800] "GET / HTTP/1.1" 400 432
199.19.224.165 - - [11/Aug/2021:14:52:49 +0800] "GET /config/getuser?index=0 HTTP/1.1" 500 876
127.0.0.1 - - [11/Aug/2021:14:53:50 +0800] "\x16\x03\x01\x02" 200 14624
127.0.0.1 - - [11/Aug/2021:14:53:50 +0800] "\x16\x03\x01\x02" 200 14624
127.0.0.1 - - [11/Aug/2021:14:53:51 +0800] "\x16\x03\x01\x02" 200 14624
127.0.0.1 - - [11/Aug/2021:14:53:51 +0800] "\x16\x03\x01\x02" 200 14624
::1 - - [11/Aug/2021:14:53:59 +0800] "GET /www/wp-content/themes/graphene/style.css?ver=4.9.18 HTTP/1.1" 500 871
127.0.0.1 - - [11/Aug/2021:14:53:58 +0800] "GET / HTTP/1.1" 200 14624
::1 - - [11/Aug/2021:14:53:59 +0800] "GET /www/wp-includes/js/jquery/jquery-migrate.min.js?ver=1.4.1 HTTP/1.1" 500 871
::1 - - [11/Aug/2021:14:53:59 +0800] "GET /www/wp-includes/js/jquery/jquery.js?ver=1.12.4 HTTP/1.1" 500 871
::1 - - [11/Aug/2021:14:53:59 +0800] "GET /www/wp-content/themes/graphene/js/jquery.tools.min.js?ver=4.9.18 HTTP/1.1" 500 871
::1 - - [11/Aug/2021:14:53:59 +0800] "GET /www/wp-content/themes/graphene/js/graphene.js?ver=4.9.18 HTTP/1.1" 500 871
::1 - - [11/Aug/2021:14:53:59 +0800] "GET /www/wp-content/uploads/2018/06/Site-Logo.jpg HTTP/1.1" 500 871
::1 - - [11/Aug/2021:14:53:59 +0800] "GET /www/wp-content/themes/graphene/images/social/rss.png HTTP/1.1" 500 871
::1 - - [11/Aug/2021:14:53:59 +0800] "GET /www/wp-includes/js/wp-embed.min.js?ver=4.9.18 HTTP/1.1" 500 871
::1 - - [11/Aug/2021:14:53:59 +0800] "GET /www/wp-includes/js/wp-emoji-release.min.js?ver=4.9.18 HTTP/1.1" 500 871
::1 - - [11/Aug/2021:14:53:59 +0800] "GET /www/wp-content/uploads/2018/06/cropped-sanhs_logo-2-32x32.png HTTP/1.1" 500 871
::1 - - [11/Aug/2021:14:53:59 +0800] "GET /www/wp-content/uploads/2018/06/cropped-sanhs_logo-2-192x192.png HTTP/1.1" 500 871
::1 - - [11/Aug/2021:14:54:28 +0800] "GET /www/wp-includes/js/jquery/jquery.js?ver=1.12.4 HTTP/1.1" 500 871
::1 - - [11/Aug/2021:14:54:28 +0800] "GET /www/wp-includes/js/jquery/jquery-migrate.min.js?ver=1.4.1 HTTP/1.1" 500 871
::1 - - [11/Aug/2021:14:54:28 +0800] "GET /www/wp-content/themes/graphene/style.css?ver=4.9.18 HTTP/1.1" 500 871
::1 - - [11/Aug/2021:14:54:28 +0800] "GET /www/wp-content/themes/graphene/js/jquery.tools.min.js?ver=4.9.18 HTTP/1.1" 500 871
127.0.0.1 - - [11/Aug/2021:14:54:28 +0800] "GET / HTTP/1.1" 200 14624
::1 - - [11/Aug/2021:14:54:28 +0800] "GET /www/wp-content/themes/graphene/js/graphene.js?ver=4.9.18 HTTP/1.1" 500 871
::1 - - [11/Aug/2021:14:54:28 +0800] "GET /www/wp-includes/js/jquery/jquery-migrate.min.js?ver=1.4.1 HTTP/1.1" 500 871
::1 - - [11/Aug/2021:14:54:28 +0800] "GET /www/wp-includes/js/wp-embed.min.js?ver=4.9.18 HTTP/1.1" 500 871
::1 - - [11/Aug/2021:14:54:28 +0800] "GET /www/wp-content/themes/graphene/images/social/rss.png HTTP/1.1" 500 871
::1 - - [11/Aug/2021:14:54:28 +0800] "GET /www/wp-content/themes/graphene/js/jquery.tools.min.js?ver=4.9.18 HTTP/1.1" 500 871
::1 - - [11/Aug/2021:14:54:28 +0800] "GET /www/wp-content/themes/graphene/js/graphene.js?ver=4.9.18 HTTP/1.1" 500 871
::1 - - [11/Aug/2021:14:54:28 +0800] "GET /www/wp-includes/js/wp-emoji-release.min.js?ver=4.9.18 HTTP/1.1" 500 871
::1 - - [11/Aug/2021:14:54:29 +0800] "GET /www/wp-content/uploads/2018/06/Site-Logo.jpg HTTP/1.1" 500 871
::1 - - [11/Aug/2021:14:54:29 +0800] "GET /www/wp-includes/js/wp-embed.min.js?ver=4.9.18 HTTP/1.1" 500 871
::1 - - [11/Aug/2021:14:54:29 +0800] "GET /www/wp-content/uploads/2018/06/cropped-sanhs_logo-2-32x32.png HTTP/1.1" 500 871
::1 - - [11/Aug/2021:14:54:29 +0800] "GET /www/wp-content/uploads/2018/06/cropped-sanhs_logo-2-192x192.png HTTP/1.1" 500 871
::1 - - [11/Aug/2021:14:54:31 +0800] "GET /www/wp-content/themes/graphene/js/graphene.js?ver=4.9.18 HTTP/1.1" 500 871
::1 - - [11/Aug/2021:14:54:31 +0800] "GET /www/wp-includes/js/jquery/jquery.js?ver=1.12.4 HTTP/1.1" 500 871
::1 - - [11/Aug/2021:14:54:31 +0800] "GET /www/wp-content/themes/graphene/js/jquery.tools.min.js?ver=4.9.18 HTTP/1.1" 500 871
127.0.0.1 - - [11/Aug/2021:14:54:30 +0800] "GET / HTTP/1.1" 200 14624
::1 - - [11/Aug/2021:14:54:31 +0800] "GET /www/wp-content/themes/graphene/style.css?ver=4.9.18 HTTP/1.1" 500 871
::1 - - [11/Aug/2021:14:54:31 +0800] "GET /www/wp-includes/js/jquery/jquery-migrate.min.js?ver=1.4.1 HTTP/1.1" 500 871
::1 - - [11/Aug/2021:14:54:31 +0800] "GET /www/wp-content/themes/graphene/images/social/rss.png HTTP/1.1" 500 871
::1 - - [11/Aug/2021:14:54:31 +0800] "GET /www/wp-includes/js/wp-embed.min.js?ver=4.9.18 HTTP/1.1" 500 871
::1 - - [11/Aug/2021:14:54:31 +0800] "GET /www/wp-content/themes/graphene/js/jquery.tools.min.js?ver=4.9.18 HTTP/1.1" 500 871
::1 - - [11/Aug/2021:14:54:31 +0800] "GET /www/wp-includes/js/wp-emoji-release.min.js?ver=4.9.18 HTTP/1.1" 500 871
::1 - - [11/Aug/2021:14:54:31 +0800] "GET /www/wp-content/themes/graphene/js/graphene.js?ver=4.9.18 HTTP/1.1" 500 871
::1 - - [11/Aug/2021:14:54:31 +0800] "GET /www/wp-content/uploads/2018/06/Site-Logo.jpg HTTP/1.1" 500 871
::1 - - [11/Aug/2021:14:54:31 +0800] "GET /www/wp-includes/js/wp-embed.min.js?ver=4.9.18 HTTP/1.1" 500 871
::1 - - [11/Aug/2021:14:54:31 +0800] "GET /www/wp-content/uploads/2018/06/cropped-sanhs_logo-2-32x32.png HTTP/1.1" 500 871
::1 - - [11/Aug/2021:14:54:31 +0800] "GET /www/wp-content/uploads/2018/06/cropped-sanhs_logo-2-192x192.png HTTP/1.1" 500 871
::1 - - [11/Aug/2021:14:54:33 +0800] "GET /www/wp-includes/js/jquery/jquery-migrate.min.js?ver=1.4.1 HTTP/1.1" 500 871
::1 - - [11/Aug/2021:14:54:33 +0800] "GET /www/wp-content/themes/graphene/style.css?ver=4.9.18 HTTP/1.1" 500 871
::1 - - [11/Aug/2021:14:54:33 +0800] "GET /www/wp-content/themes/graphene/js/graphene.js?ver=4.9.18 HTTP/1.1" 500 871
::1 - - [11/Aug/2021:14:54:33 +0800] "GET /www/wp-includes/js/jquery/jquery.js?ver=1.12.4 HTTP/1.1" 500 871
127.0.0.1 - - [11/Aug/2021:14:54:32 +0800] "GET / HTTP/1.1" 200 14624
::1 - - [11/Aug/2021:14:54:33 +0800] "GET /www/wp-content/themes/graphene/js/jquery.tools.min.js?ver=4.9.18 HTTP/1.1" 500 871
::1 - - [11/Aug/2021:14:54:33 +0800] "GET /www/wp-content/themes/graphene/images/social/rss.png HTTP/1.1" 500 871
::1 - - [11/Aug/2021:14:54:33 +0800] "GET /www/wp-includes/js/jquery/jquery-migrate.min.js?ver=1.4.1 HTTP/1.1" 500 871
::1 - - [11/Aug/2021:14:54:33 +0800] "GET /www/wp-includes/js/wp-embed.min.js?ver=4.9.18 HTTP/1.1" 500 871
::1 - - [11/Aug/2021:14:54:33 +0800] "GET /www/wp-includes/js/wp-emoji-release.min.js?ver=4.9.18 HTTP/1.1" 500 871
::1 - - [11/Aug/2021:14:54:33 +0800] "GET /www/wp-content/themes/graphene/js/jquery.tools.min.js?ver=4.9.18 HTTP/1.1" 500 871
::1 - - [11/Aug/2021:14:54:33 +0800] "GET /www/wp-content/uploads/2018/06/Site-Logo.jpg HTTP/1.1" 500 871
::1 - - [11/Aug/2021:14:54:33 +0800] "GET /www/wp-content/themes/graphene/js/graphene.js?ver=4.9.18 HTTP/1.1" 500 871
::1 - - [11/Aug/2021:14:54:33 +0800] "GET /www/wp-includes/js/wp-embed.min.js?ver=4.9.18 HTTP/1.1" 500 871
::1 - - [11/Aug/2021:14:54:33 +0800] "GET /www/wp-content/uploads/2018/06/cropped-sanhs_logo-2-32x32.png HTTP/1.1" 500 871
::1 - - [11/Aug/2021:14:54:33 +0800] "GET /www/wp-content/uploads/2018/06/cropped-sanhs_logo-2-192x192.png HTTP/1.1" 500 871
::1 - - [11/Aug/2021:14:54:35 +0800] "GET /www/wp-includes/js/jquery/jquery.js?ver=1.12.4 HTTP/1.1" 500 871
::1 - - [11/Aug/2021:14:54:35 +0800] "GET /www/wp-content/themes/graphene/style.css?ver=4.9.18 HTTP/1.1" 500 871
::1 - - [11/Aug/2021:14:54:35 +0800] "GET /www/wp-content/themes/graphene/js/jquery.tools.min.js?ver=4.9.18 HTTP/1.1" 500 871
::1 - - [11/Aug/2021:14:54:35 +0800] "GET /www/wp-includes/js/jquery/jquery-migrate.min.js?ver=1.4.1 HTTP/1.1" 500 871
127.0.0.1 - - [11/Aug/2021:14:54:34 +0800] "GET / HTTP/1.1" 200 14624
::1 - - [11/Aug/2021:14:54:35 +0800] "GET /www/wp-content/themes/graphene/js/graphene.js?ver=4.9.18 HTTP/1.1" 500 871
::1 - - [11/Aug/2021:14:54:35 +0800] "GET /www/wp-content/themes/graphene/images/social/rss.png HTTP/1.1" 500 871
::1 - - [11/Aug/2021:14:54:35 +0800] "GET /www/wp-content/themes/graphene/js/jquery.tools.min.js?ver=4.9.18 HTTP/1.1" 500 871
::1 - - [11/Aug/2021:14:54:35 +0800] "GET /www/wp-includes/js/wp-embed.min.js?ver=4.9.18 HTTP/1.1" 500 871
::1 - - [11/Aug/2021:14:54:35 +0800] "GET /www/wp-includes/js/wp-emoji-release.min.js?ver=4.9.18 HTTP/1.1" 500 871
::1 - - [11/Aug/2021:14:54:35 +0800] "GET /www/wp-content/themes/graphene/js/graphene.js?ver=4.9.18 HTTP/1.1" 500 871
::1 - - [11/Aug/2021:14:54:35 +0800] "GET /www/wp-content/uploads/2018/06/Site-Logo.jpg HTTP/1.1" 500 871
::1 - - [11/Aug/2021:14:54:35 +0800] "GET /www/wp-includes/js/wp-embed.min.js?ver=4.9.18 HTTP/1.1" 500 871
::1 - - [11/Aug/2021:14:54:35 +0800] "GET /www/wp-content/uploads/2018/06/cropped-sanhs_logo-2-32x32.png HTTP/1.1" 500 871
::1 - - [11/Aug/2021:14:54:35 +0800] "GET /www/wp-content/uploads/2018/06/cropped-sanhs_logo-2-192x192.png HTTP/1.1" 500 871
::1 - - [11/Aug/2021:14:54:37 +0800] "GET /www/wp-content/themes/graphene/js/graphene.js?ver=4.9.18 HTTP/1.1" 500 871
::1 - - [11/Aug/2021:14:54:37 +0800] "GET /www/wp-content/themes/graphene/js/jquery.tools.min.js?ver=4.9.18 HTTP/1.1" 500 871
::1 - - [11/Aug/2021:14:54:37 +0800] "GET /www/wp-includes/js/jquery/jquery-migrate.min.js?ver=1.4.1 HTTP/1.1" 500 871
::1 - - [11/Aug/2021:14:54:37 +0800] "GET /www/wp-content/themes/graphene/style.css?ver=4.9.18 HTTP/1.1" 500 871
::1 - - [11/Aug/2021:14:54:37 +0800] "GET /www/wp-includes/js/jquery/jquery.js?ver=1.12.4 HTTP/1.1" 500 871
127.0.0.1 - - [11/Aug/2021:14:54:37 +0800] "GET / HTTP/1.1" 200 14624
::1 - - [11/Aug/2021:14:54:37 +0800] "GET /www/wp-content/themes/graphene/images/social/rss.png HTTP/1.1" 500 871
::1 - - [11/Aug/2021:14:54:37 +0800] "GET /www/wp-includes/js/jquery/jquery-migrate.min.js?ver=1.4.1 HTTP/1.1" 500 871
::1 - - [11/Aug/2021:14:54:38 +0800] "GET /www/wp-includes/js/wp-embed.min.js?ver=4.9.18 HTTP/1.1" 500 871
::1 - - [11/Aug/2021:14:54:38 +0800] "GET /www/wp-includes/js/wp-emoji-release.min.js?ver=4.9.18 HTTP/1.1" 500 871
::1 - - [11/Aug/2021:14:54:38 +0800] "GET /www/wp-content/themes/graphene/js/jquery.tools.min.js?ver=4.9.18 HTTP/1.1" 500 871
::1 - - [11/Aug/2021:14:54:38 +0800] "GET /www/wp-content/uploads/2018/06/Site-Logo.jpg HTTP/1.1" 500 871
::1 - - [11/Aug/2021:14:54:38 +0800] "GET /www/wp-content/themes/graphene/js/graphene.js?ver=4.9.18 HTTP/1.1" 500 871
::1 - - [11/Aug/2021:14:54:38 +0800] "GET /www/wp-includes/js/wp-embed.min.js?ver=4.9.18 HTTP/1.1" 500 871
::1 - - [11/Aug/2021:14:54:38 +0800] "GET /www/wp-content/uploads/2018/06/cropped-sanhs_logo-2-32x32.png HTTP/1.1" 500 871
::1 - - [11/Aug/2021:14:54:38 +0800] "GET /www/wp-content/uploads/2018/06/cropped-sanhs_logo-2-192x192.png HTTP/1.1" 500 871
::1 - - [11/Aug/2021:14:54:39 +0800] "GET /www/wp-includes/js/jquery/jquery-migrate.min.js?ver=1.4.1 HTTP/1.1" 500 871
::1 - - [11/Aug/2021:14:54:39 +0800] "GET /www/wp-content/themes/graphene/style.css?ver=4.9.18 HTTP/1.1" 500 871
::1 - - [11/Aug/2021:14:54:39 +0800] "GET /www/wp-includes/js/jquery/jquery.js?ver=1.12.4 HTTP/1.1" 500 871
127.0.0.1 - - [11/Aug/2021:14:54:38 +0800] "GET / HTTP/1.1" 200 14624
::1 - - [11/Aug/2021:14:54:39 +0800] "GET /www/wp-content/themes/graphene/js/graphene.js?ver=4.9.18 HTTP/1.1" 500 871
::1 - - [11/Aug/2021:14:54:39 +0800] "GET /www/wp-content/themes/graphene/js/jquery.tools.min.js?ver=4.9.18 HTTP/1.1" 500 871
::1 - - [11/Aug/2021:14:54:39 +0800] "GET /www/wp-includes/js/jquery/jquery-migrate.min.js?ver=1.4.1 HTTP/1.1" 500 871
::1 - - [11/Aug/2021:14:54:39 +0800] "GET /www/wp-includes/js/wp-embed.min.js?ver=4.9.18 HTTP/1.1" 500 871
::1 - - [11/Aug/2021:14:54:39 +0800] "GET /www/wp-content/themes/graphene/js/jquery.tools.min.js?ver=4.9.18 HTTP/1.1" 500 871
::1 - - [11/Aug/2021:14:54:39 +0800] "GET /www/wp-content/themes/graphene/images/social/rss.png HTTP/1.1" 500 871
::1 - - [11/Aug/2021:14:54:39 +0800] "GET /www/wp-content/themes/graphene/js/graphene.js?ver=4.9.18 HTTP/1.1" 500 871
::1 - - [11/Aug/2021:14:54:39 +0800] "GET /www/wp-includes/js/wp-emoji-release.min.js?ver=4.9.18 HTTP/1.1" 500 871
::1 - - [11/Aug/2021:14:54:39 +0800] "GET /www/wp-content/uploads/2018/06/Site-Logo.jpg HTTP/1.1" 500 871
::1 - - [11/Aug/2021:14:54:39 +0800] "GET /www/wp-includes/js/wp-embed.min.js?ver=4.9.18 HTTP/1.1" 500 871
::1 - - [11/Aug/2021:14:54:39 +0800] "GET /www/wp-content/uploads/2018/06/cropped-sanhs_logo-2-32x32.png HTTP/1.1" 500 871
::1 - - [11/Aug/2021:14:54:39 +0800] "GET /www/wp-content/uploads/2018/06/cropped-sanhs_logo-2-192x192.png HTTP/1.1" 500 871
